<?xml version="1.0" encoding="UTF-8" standalone="no"?>
<testsuite errors="0" failures="1" name="io.cucumber.core.plugin.JUnitFormatter" skipped="0" tests="1" time="19.217">
    <testcase classname="Test case for checkout function" name="checkout function with mock Webshop" time="18.87">
        <failure message="Cannot locate an element using css selector=body &gt; app-root:nth-child(2) &gt; div:nth-child(1) &gt; app-admin-dashboard:nth-child(2) &gt; app-anyday-dashboard:nth-child(1) &gt; div:nth-child(1) &gt; div:nth-child(2) &gt; ul:nth-child(2) &gt; li:nth-child(4) &gt; anyday-dashboard-menu-item:nth-child(1) &gt; a:nth-child(1) &gt; span:nth-child(2)&#10;For documentation on this error, please visit: https://www.seleniumhq.org/exceptions/no_such_element.html&#10;Build info: version: '4.0.0-alpha-1', revision: 'd1d3728cae', time: '2019-04-24T13:42:21'&#10;System info: host: 'RAVISINGH', ip: '192.168.43.175', os.name: 'Windows 11', os.arch: 'amd64', os.version: '10.0', java.version: '17.0.3'&#10;Driver info: driver.version: RemoteWebDriver" type="org.openqa.selenium.NoSuchElementException"><![CDATA[Given Open admin page of Anyday.............................................passed
Then Enter username and password click Sign In..............................passed
Then Navigate to left side and click on Merchants option....................failed
Then Scroll horizontal till Details column and click on eyes icon...........skipped
Given Navigate to API tab and click regenerate API key button...............skipped
Given Copy API key with click on copy icon..................................skipped
Then Logout Anyday admin page and switch windows to mock webshop form.......skipped
Then Open mock webshop form past API key in Merchant API key text field.....skipped
Given Fill total price more then three hundred price........................skipped
Then Enter URL for navigate shopper page and click on submit button.........skipped
Given Navigate to shopper page and follow login steps.......................skipped
Given verify all the payments instalment and check box click on Pay First Instalment.skipped

StackTrace:
org.openqa.selenium.NoSuchElementException: Cannot locate an element using css selector=body > app-root:nth-child(2) > div:nth-child(1) > app-admin-dashboard:nth-child(2) > app-anyday-dashboard:nth-child(1) > div:nth-child(1) > div:nth-child(2) > ul:nth-child(2) > li:nth-child(4) > anyday-dashboard-menu-item:nth-child(1) > a:nth-child(1) > span:nth-child(2)
For documentation on this error, please visit: https://www.seleniumhq.org/exceptions/no_such_element.html
Build info: version: '4.0.0-alpha-1', revision: 'd1d3728cae', time: '2019-04-24T13:42:21'
System info: host: 'RAVISINGH', ip: '192.168.43.175', os.name: 'Windows 11', os.arch: 'amd64', os.version: '10.0', java.version: '17.0.3'
Driver info: driver.version: RemoteWebDriver
	at org.openqa.selenium.remote.RemoteWebDriver.findElement(RemoteWebDriver.java:331)
	at org.openqa.selenium.remote.RemoteWebDriver.findElementByCssSelector(RemoteWebDriver.java:436)
	at org.openqa.selenium.By$ByCssSelector.findElement(By.java:431)
	at org.openqa.selenium.remote.RemoteWebDriver.findElement(RemoteWebDriver.java:320)
	at stepDefinitions.Checkoutfunction.navigate_to_left_side_and_click_on_merchants_option(Checkoutfunction.java:44)
	at âœ½.Navigate to left side and click on Merchants option(file:///C:/Users/ravi/eclipse-workspace/Anyday/src/test/java/features/CheckoutFunction.feature:10)
]]></failure>
    </testcase>
</testsuite>
