[{"line":5,"elements":[{"start_timestamp":"2022-11-09T04:11:48.175Z","line":9,"name":"signup with mitId testing tools","description":"","id":"automation-signup-test-step-for-shopper-signup-with-mitid-testing-tool;signup-with-mitid-testing-tools","type":"scenario","keyword":"Scenario Outline","steps":[{"result":{"error_message":"io.cucumber.core.exception.CucumberException: Failed to instantiate class stepDefinitions.Stepdefination\r\n\tat io.cucumber.core.runtime.ObjectFactoryServiceLoader$DefaultJavaObjectFactory.cacheNewInstance(ObjectFactoryServiceLoader.java:143)\r\n\tat io.cucumber.core.runtime.ObjectFactoryServiceLoader$DefaultJavaObjectFactory.getInstance(ObjectFactoryServiceLoader.java:127)\r\n\tat io.cucumber.java.AbstractGlueDefinition.invokeMethod(AbstractGlueDefinition.java:47)\r\n\tat io.cucumber.java.JavaStepDefinition.execute(JavaStepDefinition.java:29)\r\n\tat io.cucumber.core.runner.CoreStepDefinition.execute(CoreStepDefinition.java:66)\r\n\tat io.cucumber.core.runner.PickleStepDefinitionMatch.runStep(PickleStepDefinitionMatch.java:63)\r\n\tat io.cucumber.core.runner.ExecutionMode$1.execute(ExecutionMode.java:10)\r\n\tat io.cucumber.core.runner.TestStep.executeStep(TestStep.java:86)\r\n\tat io.cucumber.core.runner.TestStep.run(TestStep.java:57)\r\n\tat io.cucumber.core.runner.PickleStepTestStep.run(PickleStepTestStep.java:51)\r\n\tat io.cucumber.core.runner.TestCase.run(TestCase.java:95)\r\n\tat io.cucumber.core.runner.Runner.runPickle(Runner.java:75)\r\n\tat io.cucumber.junit.PickleRunners$NoStepDescriptions.lambda$run$0(PickleRunners.java:151)\r\n\tat io.cucumber.core.runtime.CucumberExecutionContext.lambda$runTestCase$3(CucumberExecutionContext.java:110)\r\n\tat io.cucumber.core.runtime.RethrowingThrowableCollector.executeAndThrow(RethrowingThrowableCollector.java:23)\r\n\tat io.cucumber.core.runtime.CucumberExecutionContext.runTestCase(CucumberExecutionContext.java:110)\r\n\tat io.cucumber.junit.PickleRunners$NoStepDescriptions.run(PickleRunners.java:148)\r\n\tat io.cucumber.junit.FeatureRunner.runChild(FeatureRunner.java:144)\r\n\tat io.cucumber.junit.FeatureRunner.runChild(FeatureRunner.java:28)\r\n\tat org.junit.runners.ParentRunner$3.run(ParentRunner.java:238)\r\n\tat org.junit.runners.ParentRunner$1.schedule(ParentRunner.java:63)\r\n\tat org.junit.runners.ParentRunner.runChildren(ParentRunner.java:236)\r\n\tat org.junit.runners.ParentRunner.access$000(ParentRunner.java:53)\r\n\tat org.junit.runners.ParentRunner$2.evaluate(ParentRunner.java:229)\r\n\tat org.junit.runners.ParentRunner.run(ParentRunner.java:309)\r\n\tat io.cucumber.junit.FeatureRunner.run(FeatureRunner.java:137)\r\n\tat io.cucumber.junit.Cucumber.runChild(Cucumber.java:196)\r\n\tat io.cucumber.junit.Cucumber.runChild(Cucumber.java:89)\r\n\tat org.junit.runners.ParentRunner$3.run(ParentRunner.java:238)\r\n\tat org.junit.runners.ParentRunner$1.schedule(ParentRunner.java:63)\r\n\tat org.junit.runners.ParentRunner.runChildren(ParentRunner.java:236)\r\n\tat org.junit.runners.ParentRunner.access$000(ParentRunner.java:53)\r\n\tat org.junit.runners.ParentRunner$2.evaluate(ParentRunner.java:229)\r\n\tat io.cucumber.junit.Cucumber$RunBeforeAllHooks.evaluate(Cucumber.java:266)\r\n\tat io.cucumber.junit.Cucumber$RunAfterAllHooks.evaluate(Cucumber.java:281)\r\n\tat io.cucumber.junit.Cucumber$StartTestRun.evaluate(Cucumber.java:233)\r\n\tat io.cucumber.junit.Cucumber$FinishTestRun.evaluate(Cucumber.java:248)\r\n\tat org.junit.runners.ParentRunner.run(ParentRunner.java:309)\r\n\tat org.eclipse.jdt.internal.junit4.runner.JUnit4TestReference.run(JUnit4TestReference.java:93)\r\n\tat org.eclipse.jdt.internal.junit.runner.TestExecution.run(TestExecution.java:40)\r\n\tat org.eclipse.jdt.internal.junit.runner.RemoteTestRunner.runTests(RemoteTestRunner.java:529)\r\n\tat org.eclipse.jdt.internal.junit.runner.RemoteTestRunner.runTests(RemoteTestRunner.java:756)\r\n\tat org.eclipse.jdt.internal.junit.runner.RemoteTestRunner.run(RemoteTestRunner.java:452)\r\n\tat org.eclipse.jdt.internal.junit.runner.RemoteTestRunner.main(RemoteTestRunner.java:210)\r\nCaused by: java.lang.reflect.InvocationTargetException\r\n\tat java.base/jdk.internal.reflect.NativeConstructorAccessorImpl.newInstance0(Native Method)\r\n\tat java.base/jdk.internal.reflect.NativeConstructorAccessorImpl.newInstance(NativeConstructorAccessorImpl.java:77)\r\n\tat java.base/jdk.internal.reflect.DelegatingConstructorAccessorImpl.newInstance(DelegatingConstructorAccessorImpl.java:45)\r\n\tat java.base/java.lang.reflect.Constructor.newInstanceWithCaller(Constructor.java:499)\r\n\tat java.base/java.lang.reflect.Constructor.newInstance(Constructor.java:480)\r\n\tat io.cucumber.core.runtime.ObjectFactoryServiceLoader$DefaultJavaObjectFactory.cacheNewInstance(ObjectFactoryServiceLoader.java:135)\r\n\t... 43 more\r\nCaused by: java.lang.IllegalStateException: The driver executable does not exist: C:\\Users\\ravi\\eclipse-workspace\\Anyday\\NDriversC\\chromedriver.exe\r\n\tat com.google.common.base.Preconditions.checkState(Preconditions.java:589)\r\n\tat org.openqa.selenium.remote.service.DriverService.checkExecutable(DriverService.java:147)\r\n\tat org.openqa.selenium.remote.service.DriverService.findExecutable(DriverService.java:142)\r\n\tat org.openqa.selenium.chrome.ChromeDriverService.access$000(ChromeDriverService.java:35)\r\n\tat org.openqa.selenium.chrome.ChromeDriverService$Builder.findDefaultExecutable(ChromeDriverService.java:159)\r\n\tat org.openqa.selenium.remote.service.DriverService$Builder.build(DriverService.java:363)\r\n\tat org.openqa.selenium.chrome.ChromeDriverService.createDefaultService(ChromeDriverService.java:94)\r\n\tat org.openqa.selenium.chrome.ChromeDriver.<init>(ChromeDriver.java:131)\r\n\tat stepDefinitions.Base.capabilities(Base.java:25)\r\n\tat stepDefinitions.Capab.<init>(Capab.java:12)\r\n\tat stepDefinitions.Stordvaule.<init>(Stordvaule.java:17)\r\n\tat stepDefinitions.Stepdefination.<init>(Stepdefination.java:44)\r\n\t... 49 more\r\n","duration":47613100,"status":"failed"},"line":11,"name":"Login Mit Id anyday","match":{"location":"stepDefinitions.Stepdefination.login_mit_id_anyday()"},"keyword":"Given "},{"result":{"status":"skipped"},"line":12,"name":"Click on Autofill button and after copy Identity Claim random text","match":{"location":"stepDefinitions.Stepdefination.click_on_autofill_button_and_after_copy_identity_claim_random_text()"},"keyword":"And "},{"result":{"status":"skipped"},"line":13,"name":"Click on create identity","match":{"location":"stepDefinitions.Stepdefination.click_on_create_identity()"},"keyword":"Then "},{"result":{"status":"skipped"},"line":14,"name":"Open shopper link and click login with Mit Id","match":{"location":"stepDefinitions.Stepdefination.open_shopper_link_and_click_login_with_mit_id()"},"keyword":"Given "},{"result":{"duration":4001100,"status":"skipped"},"line":15,"name":"Past Identity Claim in User Id text field and click on continue","match":{"location":"stepDefinitions.Stepdefination.past_identity_claim_in_user_id_text_field_and_click_on_continue()"},"keyword":"Then "},{"result":{"status":"skipped"},"line":16,"name":"Switch Mit Id and scroll down and click on click on open simulator","match":{"location":"stepDefinitions.Stepdefination.switch_mit_id_and_scroll_down_and_click_on_click_on_open_simulator()"},"keyword":"Then "},{"result":{"status":"skipped"},"line":17,"name":"Click conform","match":{"location":"stepDefinitions.Stepdefination.click_conform()"},"keyword":"And "},{"result":{"status":"skipped"},"line":18,"name":"Switch to Mit Id browser and copy CPR number","match":{"location":"stepDefinitions.Stepdefination.switch_to_mit_id_browser_and_copy_cpr_number()"},"keyword":"Given "},{"result":{"status":"skipped"},"line":19,"name":"Switch to shopper browser and enter CPR number and click","match":{"location":"stepDefinitions.Stepdefination.switch_to_shopper_browser_and_enter_cpr_number_and_click()"},"keyword":"And "},{"result":{"duration":1000600,"status":"skipped"},"line":20,"name":"Enter your phone number and email id and more action for signup","match":{"location":"stepDefinitions.Stepdefination.enter_your_phone_number_and_email_id()"},"keyword":"Then "}],"tags":[{"name":"@Signup"}]}],"name":"Automation signup Test Step for shopper signup with mitId testing tool","description":"","id":"automation-signup-test-step-for-shopper-signup-with-mitid-testing-tool","keyword":"Feature","uri":"file:src/test/java/features/ShopperSignup.feature","tags":[{"name":"@Signup","type":"Tag","location":{"line":3,"column":1}}]}]